***** Section <default> *****
Stats: size=948  blocks=948  symbols=34  literals=1  relocations=0
Blocks
    name        start   size  #ins #dir #sto
    <default>   00000  003B4    92   26    6
Symbols
    name         hex       dec  scope     kind      type      description
    *0        0003B1       945  local     relative  data      label
    ballC     000145       325  local     relative  data      label
    ballPlc   000142       322  local     relative  data      label
    ballVX    000127       295  local     relative  data      label
    ballVY    000133       307  local     relative  data      label
    ballX     00010F       271  local     relative  data      label
    ballY     00011B       283  local     relative  data      label
    calcPlc   00005E        94  local     relative  code      label
    chckBck   0000B7       183  local     relative  code      label
    chckCrd   000085       133  local     relative  code      label
    chckDrt   0000B2       178  local     relative  code      label
    chckVY    0000A3       163  local     relative  code      label
    colLmt    000153       339  local     relative  data      label
    column    00014D       333  local     relative  data      label
    disp      000147       327  local     relative  data      label
    drtyVec   0000E2       226  local     relative  code      label
    emptyC    000146       326  local     relative  data      label
    initlp    000023        35  local     relative  code      label
    invertX   0000C6       198  local     relative  code      label
    invertY   0000D4       212  local     relative  code      label
    loop      000036        54  local     relative  code      label
    lpstart   000033        51  local     relative  code      label
    nBalls    00010C       268  local     relative  data      label
    oldPlc    00013F       319  local     relative  data      label
    row       00014A       330  local     relative  data      label
    rowLmt    000150       336  local     relative  data      label
    skinit    0000EB       235  local     relative  code      label
    skpop     000100       256  local     relative  code      label
    skptr     000156       342  local     relative  data      label
    skpush    0000F4       244  local     relative  code      label
    skstart   000159       345  local     relative  data      label
    start     000000         0  exported  relative  code      label
    test      000156       342  local     relative  notlabel  skptr
    updtCrd   000070       112  local     relative  code      label
Literals
    label   definition
    *0      WORD -1
Relocations
    address length flag symbol
